<?xml version="1.0" encoding="UTF-8"?>
<coverage generated="1783365579373" clover="3.2.0">
  <project timestamp="1783365579373" name="All files">
    <metrics statements="31" coveredstatements="30" conditionals="74" coveredconditionals="38" methods="3" coveredmethods="3" elements="108" coveredelements="71" complexity="0" loc="31" ncloc="31" packages="3" files="6" classes="6"/>
    <package name="button">
      <metrics statements="7" coveredstatements="7" conditionals="13" coveredconditionals="6" methods="1" coveredmethods="1"/>
      <file name="Button.jsx" path="C:\Users\jerin\OneDrive\Desktop\Event_Mangement\client\src\components\button\Button.jsx">
        <metrics statements="7" coveredstatements="7" conditionals="13" coveredconditionals="6" methods="1" coveredmethods="1"/>
        <line num="3" count="3" type="stmt"/>
        <line num="5" count="3" type="cond" truecount="1" falsecount="1"/>
        <line num="7" count="3" type="cond" truecount="2" falsecount="0"/>
        <line num="8" count="3" type="cond" truecount="1" falsecount="1"/>
        <line num="11" count="3" type="stmt"/>
        <line num="15" count="3" type="cond" truecount="2" falsecount="5"/>
        <line num="18" count="3" type="stmt"/>
      </file>
      <file name="Button.module.css" path="C:\Users\jerin\OneDrive\Desktop\Event_Mangement\client\src\components\button\Button.module.css">
        <metrics statements="0" coveredstatements="0" conditionals="0" coveredconditionals="0" methods="0" coveredmethods="0"/>
      </file>
    </package>
    <package name="input">
      <metrics statements="10" coveredstatements="9" conditionals="29" coveredconditionals="17" methods="1" coveredmethods="1"/>
      <file name="Input.jsx" path="C:\Users\jerin\OneDrive\Desktop\Event_Mangement\client\src\components\input\Input.jsx">
        <metrics statements="10" coveredstatements="9" conditionals="29" coveredconditionals="17" methods="1" coveredmethods="1"/>
        <line num="3" count="4" type="cond" truecount="4" falsecount="5"/>
        <line num="5" count="4" type="stmt"/>
        <line num="6" count="4" type="cond" truecount="2" falsecount="0"/>
        <line num="10" count="0" type="stmt"/>
        <line num="12" count="4" type="stmt"/>
        <line num="13" count="4" type="cond" truecount="2" falsecount="0"/>
        <line num="14" count="4" type="cond" truecount="2" falsecount="3"/>
        <line num="16" count="4" type="cond" truecount="1" falsecount="1"/>
        <line num="18" count="4" type="cond" truecount="4" falsecount="3"/>
        <line num="19" count="4" type="stmt"/>
      </file>
      <file name="Input.module.css" path="C:\Users\jerin\OneDrive\Desktop\Event_Mangement\client\src\components\input\Input.module.css">
        <metrics statements="0" coveredstatements="0" conditionals="0" coveredconditionals="0" methods="0" coveredmethods="0"/>
      </file>
    </package>
    <package name="select">
      <metrics statements="14" coveredstatements="14" conditionals="32" coveredconditionals="15" methods="1" coveredmethods="1"/>
      <file name="Select.jsx" path="C:\Users\jerin\OneDrive\Desktop\Event_Mangement\client\src\components\select\Select.jsx">
        <metrics statements="14" coveredstatements="14" conditionals="32" coveredconditionals="15" methods="1" coveredmethods="1"/>
        <line num="3" count="4" type="stmt"/>
        <line num="8" count="2" type="cond" truecount="1" falsecount="1"/>
        <line num="9" count="2" type="cond" truecount="3" falsecount="3"/>
        <line num="11" count="2" type="cond" truecount="1" falsecount="1"/>
        <line num="13" count="2" type="stmt"/>
        <line num="14" count="2" type="cond" truecount="2" falsecount="0"/>
        <line num="18" count="2" type="cond" truecount="1" falsecount="1"/>
        <line num="20" count="2" type="stmt"/>
        <line num="27" count="2" type="cond" truecount="1" falsecount="1"/>
        <line num="29" count="2" type="stmt"/>
        <line num="33" count="2" type="cond" truecount="2" falsecount="5"/>
        <line num="34" count="2" type="cond" truecount="1" falsecount="1"/>
        <line num="36" count="2" type="cond" truecount="3" falsecount="4"/>
        <line num="37" count="2" type="stmt"/>
      </file>
      <file name="Select.module.css" path="C:\Users\jerin\OneDrive\Desktop\Event_Mangement\client\src\components\select\Select.module.css">
        <metrics statements="0" coveredstatements="0" conditionals="0" coveredconditionals="0" methods="0" coveredmethods="0"/>
      </file>
    </package>
  </project>
</coverage>
