{"C:\\Users\\jerin\\OneDrive\\Desktop\\Event_Mangement\\client\\src\\components\\button\\Button.jsx": {"path":"C:\\Users\\jerin\\OneDrive\\Desktop\\Event_Mangement\\client\\src\\components\\button\\Button.jsx","statementMap":{"0":{"start":{"line":3,"column":0},"end":{"line":3,"column":16}},"1":{"start":{"line":3,"column":16},"end":{"line":3,"column":null}},"2":{"start":{"line":5,"column":2},"end":{"line":5,"column":null}},"3":{"start":{"line":7,"column":2},"end":{"line":7,"column":null}},"4":{"start":{"line":8,"column":2},"end":{"line":8,"column":null}},"5":{"start":{"line":15,"column":17},"end":{"line":15,"column":54}},"6":{"start":{"line":15,"column":54},"end":{"line":18,"column":null}},"7":{"start":{"line":11,"column":4},"end":{"line":18,"column":null}},"8":{"start":{"line":18,"column":13},"end":{"line":18,"column":null}},"9":{"start":{"line":18,"column":13},"end":{"line":11,"column":null}}},"fnMap":{"0":{"name":"Button","decl":{"start":{"line":3,"column":0},"end":{"line":3,"column":16}},"loc":{"start":{"line":3,"column":0},"end":{"line":18,"column":null}},"line":3}},"branchMap":{"0":{"loc":{"start":{"line":5,"column":2},"end":{"line":5,"column":null}},"type":"cond-expr","locations":[{"start":{"line":5,"column":2},"end":{"line":5,"column":null}},{"start":{"line":5,"column":2},"end":{"line":5,"column":null}}],"line":5},"1":{"loc":{"start":{"line":7,"column":2},"end":{"line":7,"column":null}},"type":"cond-expr","locations":[{"start":{"line":7,"column":2},"end":{"line":7,"column":null}},{"start":{"line":7,"column":2},"end":{"line":7,"column":null}}],"line":7},"2":{"loc":{"start":{"line":8,"column":2},"end":{"line":8,"column":null}},"type":"cond-expr","locations":[{"start":{"line":8,"column":2},"end":{"line":8,"column":null}},{"start":{"line":8,"column":2},"end":{"line":8,"column":null}}],"line":8},"3":{"loc":{"start":{"line":15,"column":54},"end":{"line":18,"column":null}},"type":"if","locations":[{"start":{"line":15,"column":54},"end":{"line":18,"column":null}},{"start":{"line":18,"column":13},"end":{"line":18,"column":null}}],"line":15},"4":{"loc":{"start":{"line":15,"column":54},"end":{"line":15,"column":null}},"type":"binary-expr","locations":[{"start":{"line":15,"column":54},"end":{"line":15,"column":null}},{"start":{"line":15,"column":54},"end":{"line":15,"column":null}},{"start":{"line":15,"column":54},"end":{"line":15,"column":null}},{"start":{"line":15,"column":54},"end":{"line":15,"column":null}},{"start":{"line":15,"column":54},"end":{"line":15,"column":null}}],"line":15}},"s":{"0":3,"1":3,"2":3,"3":3,"4":3,"5":3,"6":3,"7":3,"8":0,"9":3},"f":{"0":3},"b":{"0":[3,0],"1":[2,1],"2":[3,0],"3":[3,0],"4":[3,0,0,0,0]},"meta":{"lastBranch":5,"lastFunction":1,"lastStatement":10,"seen":{"f:3:0:3:16":0,"s:3:0:3:16":0,"s:3:16:3:Infinity":1,"s:5:2:5:Infinity":2,"b:5:2:5:Infinity:5:2:5:Infinity":0,"s:7:2:7:Infinity":3,"b:7:2:7:Infinity:7:2:7:Infinity":1,"s:8:2:8:Infinity":4,"b:8:2:8:Infinity:8:2:8:Infinity":2,"s:15:17:15:54":5,"b:15:54:18:Infinity:18:13:18:Infinity":3,"s:15:54:18:Infinity":6,"b:15:54:15:Infinity:15:54:15:Infinity:15:54:15:Infinity:15:54:15:Infinity:15:54:15:Infinity":4,"s:11:4:18:Infinity":7,"s:18:13:18:Infinity":8,"s:18:13:11:Infinity":9},"fnNames":{}}}
,"C:\\Users\\jerin\\OneDrive\\Desktop\\Event_Mangement\\client\\src\\components\\button\\Button.module.css": {"path":"C:\\Users\\jerin\\OneDrive\\Desktop\\Event_Mangement\\client\\src\\components\\button\\Button.module.css","statementMap":{},"fnMap":{},"branchMap":{},"s":{},"f":{},"b":{},"meta":{"lastBranch":0,"lastFunction":0,"lastStatement":0,"seen":{},"fnNames":{}}}
,"C:\\Users\\jerin\\OneDrive\\Desktop\\Event_Mangement\\client\\src\\components\\input\\Input.jsx": {"path":"C:\\Users\\jerin\\OneDrive\\Desktop\\Event_Mangement\\client\\src\\components\\input\\Input.jsx","statementMap":{"0":{"start":{"line":3,"column":0},"end":{"line":3,"column":15}},"1":{"start":{"line":3,"column":0},"end":{"line":3,"column":null}},"2":{"start":{"line":3,"column":15},"end":{"line":3,"column":31}},"3":{"start":{"line":3,"column":57},"end":{"line":3,"column":null}},"4":{"start":{"line":3,"column":31},"end":{"line":3,"column":45}},"5":{"start":{"line":3,"column":45},"end":{"line":10,"column":null}},"6":{"start":{"line":6,"column":7},"end":{"line":9,"column":null}},"7":{"start":{"line":10,"column":7},"end":{"line":10,"column":null}},"8":{"start":{"line":13,"column":12},"end":{"line":13,"column":null}},"9":{"start":{"line":14,"column":19},"end":{"line":14,"column":49}},"10":{"start":{"line":14,"column":49},"end":{"line":16,"column":null}},"11":{"start":{"line":12,"column":6},"end":{"line":15,"column":null}},"12":{"start":{"line":16,"column":8},"end":{"line":16,"column":null}},"13":{"start":{"line":16,"column":8},"end":{"line":18,"column":null}},"14":{"start":{"line":18,"column":7},"end":{"line":18,"column":null}},"15":{"start":{"line":18,"column":61},"end":{"line":18,"column":null}},"16":{"start":{"line":18,"column":61},"end":{"line":19,"column":null}},"17":{"start":{"line":5,"column":4},"end":{"line":19,"column":null}},"18":{"start":{"line":19,"column":10},"end":{"line":19,"column":null}},"19":{"start":{"line":19,"column":10},"end":{"line":5,"column":20}}},"fnMap":{"0":{"name":"Input","decl":{"start":{"line":3,"column":0},"end":{"line":3,"column":15}},"loc":{"start":{"line":3,"column":0},"end":{"line":19,"column":null}},"line":3}},"branchMap":{"0":{"loc":{"start":{"line":3,"column":0},"end":{"line":3,"column":null}},"type":"if","locations":[{"start":{"line":3,"column":0},"end":{"line":3,"column":null}},{"start":{"line":3,"column":57},"end":{"line":3,"column":null}}],"line":3},"1":{"loc":{"start":{"line":3,"column":31},"end":{"line":3,"column":45}},"type":"cond-expr","locations":[{"start":{"line":3,"column":31},"end":{"line":3,"column":45}},{"start":{"line":3,"column":31},"end":{"line":3,"column":45}}],"line":3},"2":{"loc":{"start":{"line":3,"column":45},"end":{"line":10,"column":null}},"type":"if","locations":[{"start":{"line":3,"column":45},"end":{"line":10,"column":null}},{"start":{"line":10,"column":7},"end":{"line":10,"column":null}}],"line":3},"3":{"loc":{"start":{"line":3,"column":45},"end":{"line":3,"column":57}},"type":"binary-expr","locations":[{"start":{"line":3,"column":45},"end":{"line":3,"column":57}},{"start":{"line":3,"column":45},"end":{"line":3,"column":57}},{"start":{"line":3,"column":45},"end":{"line":3,"column":57}}],"line":3},"4":{"loc":{"start":{"line":6,"column":7},"end":{"line":9,"column":null}},"type":"binary-expr","locations":[{"start":{"line":6,"column":7},"end":{"line":6,"column":null}},{"start":{"line":7,"column":8},"end":{"line":9,"column":null}}],"line":6},"5":{"loc":{"start":{"line":7,"column":24},"end":{"line":7,"column":59}},"type":"binary-expr","locations":[{"start":{"line":7,"column":24},"end":{"line":7,"column":36}},{"start":{"line":7,"column":36},"end":{"line":7,"column":59}}],"line":7},"6":{"loc":{"start":{"line":13,"column":12},"end":{"line":13,"column":null}},"type":"binary-expr","locations":[{"start":{"line":13,"column":12},"end":{"line":13,"column":24}},{"start":{"line":13,"column":24},"end":{"line":13,"column":null}}],"line":13},"7":{"loc":{"start":{"line":14,"column":49},"end":{"line":16,"column":null}},"type":"if","locations":[{"start":{"line":14,"column":49},"end":{"line":16,"column":null}},{"start":{"line":16,"column":8},"end":{"line":16,"column":null}}],"line":14},"8":{"loc":{"start":{"line":14,"column":49},"end":{"line":14,"column":null}},"type":"binary-expr","locations":[{"start":{"line":14,"column":49},"end":{"line":14,"column":null}},{"start":{"line":14,"column":49},"end":{"line":14,"column":null}},{"start":{"line":14,"column":49},"end":{"line":14,"column":null}}],"line":14},"9":{"loc":{"start":{"line":16,"column":8},"end":{"line":18,"column":null}},"type":"if","locations":[{"start":{"line":16,"column":8},"end":{"line":18,"column":null}},{"start":{"line":18,"column":61},"end":{"line":18,"column":null}}],"line":16},"10":{"loc":{"start":{"line":18,"column":7},"end":{"line":18,"column":null}},"type":"binary-expr","locations":[{"start":{"line":18,"column":7},"end":{"line":18,"column":16}},{"start":{"line":18,"column":16},"end":{"line":18,"column":null}}],"line":18},"11":{"loc":{"start":{"line":18,"column":61},"end":{"line":19,"column":null}},"type":"if","locations":[{"start":{"line":18,"column":61},"end":{"line":19,"column":null}},{"start":{"line":19,"column":10},"end":{"line":19,"column":null}}],"line":18},"12":{"loc":{"start":{"line":18,"column":61},"end":{"line":18,"column":null}},"type":"binary-expr","locations":[{"start":{"line":18,"column":61},"end":{"line":18,"column":null}},{"start":{"line":18,"column":61},"end":{"line":18,"column":null}},{"start":{"line":18,"column":61},"end":{"line":18,"column":null}}],"line":18}},"s":{"0":4,"1":4,"2":4,"3":0,"4":4,"5":4,"6":4,"7":0,"8":4,"9":4,"10":4,"11":4,"12":0,"13":4,"14":4,"15":0,"16":4,"17":4,"18":0,"19":4},"f":{"0":4},"b":{"0":[4,0],"1":[4,0],"2":[4,0],"3":[4,0,0],"4":[4,1],"5":[1,1],"6":[4,4],"7":[4,0],"8":[4,0,0],"9":[4,0],"10":[4,1],"11":[4,0],"12":[4,0,0]},"meta":{"lastBranch":13,"lastFunction":1,"lastStatement":20,"seen":{"f:3:0:3:15":0,"s:3:0:3:15":0,"b:3:0:3:Infinity:3:57:3:Infinity":0,"s:3:0:3:Infinity":1,"s:3:15:3:31":2,"s:3:57:3:Infinity":3,"s:3:31:3:45":4,"b:3:31:3:45:3:31:3:45":1,"b:3:45:10:Infinity:10:7:10:Infinity":2,"s:3:45:10:Infinity":5,"b:3:45:3:57:3:45:3:57:3:45:3:57":3,"s:6:7:9:Infinity":6,"b:6:7:6:Infinity:7:8:9:Infinity":4,"b:7:24:7:36:7:36:7:59":5,"s:10:7:10:Infinity":7,"s:13:12:13:Infinity":8,"b:13:12:13:24:13:24:13:Infinity":6,"s:14:19:14:49":9,"b:14:49:16:Infinity:16:8:16:Infinity":7,"s:14:49:16:Infinity":10,"b:14:49:14:Infinity:14:49:14:Infinity:14:49:14:Infinity":8,"s:12:6:15:Infinity":11,"s:16:8:16:Infinity":12,"b:16:8:18:Infinity:18:61:18:Infinity":9,"s:16:8:18:Infinity":13,"s:18:7:18:Infinity":14,"b:18:7:18:16:18:16:18:Infinity":10,"s:18:61:18:Infinity":15,"b:18:61:19:Infinity:19:10:19:Infinity":11,"s:18:61:19:Infinity":16,"b:18:61:18:Infinity:18:61:18:Infinity:18:61:18:Infinity":12,"s:5:4:19:Infinity":17,"s:19:10:19:Infinity":18,"s:19:10:5:20":19},"fnNames":{}}}
,"C:\\Users\\jerin\\OneDrive\\Desktop\\Event_Mangement\\client\\src\\components\\input\\Input.module.css": {"path":"C:\\Users\\jerin\\OneDrive\\Desktop\\Event_Mangement\\client\\src\\components\\input\\Input.module.css","statementMap":{},"fnMap":{},"branchMap":{},"s":{},"f":{},"b":{},"meta":{"lastBranch":0,"lastFunction":0,"lastStatement":0,"seen":{},"fnNames":{}}}
,"C:\\Users\\jerin\\OneDrive\\Desktop\\Event_Mangement\\client\\src\\components\\select\\Select.jsx": {"path":"C:\\Users\\jerin\\OneDrive\\Desktop\\Event_Mangement\\client\\src\\components\\select\\Select.jsx","statementMap":{"0":{"start":{"line":3,"column":0},"end":{"line":3,"column":16}},"1":{"start":{"line":3,"column":16},"end":{"line":3,"column":null}},"2":{"start":{"line":11,"column":1},"end":{"line":8,"column":null}},"3":{"start":{"line":8,"column":2},"end":{"line":8,"column":14}},"4":{"start":{"line":8,"column":14},"end":{"line":8,"column":null}},"5":{"start":{"line":9,"column":2},"end":{"line":9,"column":34}},"6":{"start":{"line":9,"column":34},"end":{"line":18,"column":null}},"7":{"start":{"line":14,"column":7},"end":{"line":17,"column":null}},"8":{"start":{"line":18,"column":7},"end":{"line":18,"column":null}},"9":{"start":{"line":18,"column":7},"end":{"line":27,"column":null}},"10":{"start":{"line":27,"column":8},"end":{"line":27,"column":null}},"11":{"start":{"line":27,"column":47},"end":{"line":27,"column":null}},"12":{"start":{"line":27,"column":47},"end":{"line":33,"column":null}},"13":{"start":{"line":29,"column":9},"end":{"line":33,"column":10}},"14":{"start":{"line":33,"column":10},"end":{"line":33,"column":null}},"15":{"start":{"line":33,"column":10},"end":{"line":34,"column":null}},"16":{"start":{"line":20,"column":6},"end":{"line":34,"column":null}},"17":{"start":{"line":34,"column":15},"end":{"line":34,"column":null}},"18":{"start":{"line":34,"column":15},"end":{"line":36,"column":null}},"19":{"start":{"line":36,"column":7},"end":{"line":36,"column":null}},"20":{"start":{"line":36,"column":61},"end":{"line":36,"column":null}},"21":{"start":{"line":36,"column":61},"end":{"line":37,"column":null}},"22":{"start":{"line":13,"column":4},"end":{"line":37,"column":null}},"23":{"start":{"line":37,"column":10},"end":{"line":37,"column":null}},"24":{"start":{"line":37,"column":10},"end":{"line":13,"column":20}},"25":{"start":{"line":3,"column":0},"end":{"line":32,"column":null}}},"fnMap":{"0":{"name":"Select","decl":{"start":{"line":3,"column":0},"end":{"line":3,"column":16}},"loc":{"start":{"line":3,"column":0},"end":{"line":37,"column":null}},"line":3}},"branchMap":{"0":{"loc":{"start":{"line":11,"column":1},"end":{"line":8,"column":null}},"type":"if","locations":[{"start":{"line":11,"column":1},"end":{"line":8,"column":null}},{"start":{"line":8,"column":14},"end":{"line":8,"column":null}}],"line":11},"1":{"loc":{"start":{"line":8,"column":2},"end":{"line":8,"column":14}},"type":"cond-expr","locations":[{"start":{"line":8,"column":2},"end":{"line":8,"column":14}},{"start":{"line":8,"column":2},"end":{"line":8,"column":14}}],"line":8},"2":{"loc":{"start":{"line":9,"column":2},"end":{"line":9,"column":34}},"type":"cond-expr","locations":[{"start":{"line":9,"column":2},"end":{"line":9,"column":34}},{"start":{"line":9,"column":2},"end":{"line":9,"column":34}}],"line":9},"3":{"loc":{"start":{"line":9,"column":34},"end":{"line":18,"column":null}},"type":"if","locations":[{"start":{"line":9,"column":34},"end":{"line":18,"column":null}},{"start":{"line":18,"column":7},"end":{"line":18,"column":null}}],"line":9},"4":{"loc":{"start":{"line":9,"column":34},"end":{"line":9,"column":null}},"type":"binary-expr","locations":[{"start":{"line":9,"column":34},"end":{"line":9,"column":null}},{"start":{"line":9,"column":34},"end":{"line":9,"column":null}}],"line":9},"5":{"loc":{"start":{"line":14,"column":7},"end":{"line":17,"column":null}},"type":"binary-expr","locations":[{"start":{"line":14,"column":7},"end":{"line":14,"column":null}},{"start":{"line":15,"column":8},"end":{"line":17,"column":null}}],"line":14},"6":{"loc":{"start":{"line":18,"column":7},"end":{"line":27,"column":null}},"type":"if","locations":[{"start":{"line":18,"column":7},"end":{"line":27,"column":null}},{"start":{"line":27,"column":47},"end":{"line":27,"column":null}}],"line":18},"7":{"loc":{"start":{"line":27,"column":47},"end":{"line":33,"column":null}},"type":"if","locations":[{"start":{"line":27,"column":47},"end":{"line":33,"column":null}},{"start":{"line":33,"column":10},"end":{"line":33,"column":null}}],"line":27},"8":{"loc":{"start":{"line":33,"column":10},"end":{"line":34,"column":null}},"type":"if","locations":[{"start":{"line":33,"column":10},"end":{"line":34,"column":null}},{"start":{"line":34,"column":15},"end":{"line":34,"column":null}}],"line":33},"9":{"loc":{"start":{"line":33,"column":10},"end":{"line":33,"column":null}},"type":"binary-expr","locations":[{"start":{"line":33,"column":10},"end":{"line":33,"column":null}},{"start":{"line":33,"column":10},"end":{"line":33,"column":null}},{"start":{"line":33,"column":10},"end":{"line":33,"column":null}},{"start":{"line":33,"column":10},"end":{"line":33,"column":null}},{"start":{"line":33,"column":10},"end":{"line":33,"column":null}}],"line":33},"10":{"loc":{"start":{"line":34,"column":15},"end":{"line":36,"column":null}},"type":"if","locations":[{"start":{"line":34,"column":15},"end":{"line":36,"column":null}},{"start":{"line":36,"column":61},"end":{"line":36,"column":null}}],"line":34},"11":{"loc":{"start":{"line":36,"column":7},"end":{"line":36,"column":null}},"type":"binary-expr","locations":[{"start":{"line":36,"column":7},"end":{"line":36,"column":16}},{"start":{"line":36,"column":16},"end":{"line":36,"column":null}}],"line":36},"12":{"loc":{"start":{"line":36,"column":61},"end":{"line":37,"column":null}},"type":"if","locations":[{"start":{"line":36,"column":61},"end":{"line":37,"column":null}},{"start":{"line":37,"column":10},"end":{"line":37,"column":null}}],"line":36},"13":{"loc":{"start":{"line":36,"column":61},"end":{"line":36,"column":null}},"type":"binary-expr","locations":[{"start":{"line":36,"column":61},"end":{"line":36,"column":null}},{"start":{"line":36,"column":61},"end":{"line":36,"column":null}},{"start":{"line":36,"column":61},"end":{"line":36,"column":null}}],"line":36}},"s":{"0":2,"1":2,"2":2,"3":2,"4":0,"5":2,"6":2,"7":2,"8":0,"9":2,"10":2,"11":0,"12":2,"13":2,"14":0,"15":2,"16":2,"17":0,"18":2,"19":2,"20":0,"21":2,"22":2,"23":0,"24":2,"25":4},"f":{"0":6},"b":{"0":[2,0],"1":[0,2],"2":[2,0],"3":[2,0],"4":[2,0],"5":[2,1],"6":[2,0],"7":[2,0],"8":[2,0],"9":[2,0,0,0,0],"10":[2,0],"11":[2,0],"12":[2,0],"13":[2,0,0]},"meta":{"lastBranch":14,"lastFunction":1,"lastStatement":26,"seen":{"f:3:0:3:16":0,"s:3:0:3:16":0,"s:3:16:3:Infinity":1,"b:11:1:8:Infinity:8:14:8:Infinity":0,"s:11:1:8:Infinity":2,"s:8:2:8:14":3,"b:8:2:8:14:8:2:8:14":1,"s:8:14:8:Infinity":4,"s:9:2:9:34":5,"b:9:2:9:34:9:2:9:34":2,"b:9:34:18:Infinity:18:7:18:Infinity":3,"s:9:34:18:Infinity":6,"b:9:34:9:Infinity:9:34:9:Infinity":4,"s:14:7:17:Infinity":7,"b:14:7:14:Infinity:15:8:17:Infinity":5,"s:18:7:18:Infinity":8,"b:18:7:27:Infinity:27:47:27:Infinity":6,"s:18:7:27:Infinity":9,"s:27:8:27:Infinity":10,"s:27:47:27:Infinity":11,"b:27:47:33:Infinity:33:10:33:Infinity":7,"s:27:47:33:Infinity":12,"s:29:9:33:10":13,"s:33:10:33:Infinity":14,"b:33:10:34:Infinity:34:15:34:Infinity":8,"s:33:10:34:Infinity":15,"b:33:10:33:Infinity:33:10:33:Infinity:33:10:33:Infinity:33:10:33:Infinity:33:10:33:Infinity":9,"s:20:6:34:Infinity":16,"s:34:15:34:Infinity":17,"b:34:15:36:Infinity:36:61:36:Infinity":10,"s:34:15:36:Infinity":18,"s:36:7:36:Infinity":19,"b:36:7:36:16:36:16:36:Infinity":11,"s:36:61:36:Infinity":20,"b:36:61:37:Infinity:37:10:37:Infinity":12,"s:36:61:37:Infinity":21,"b:36:61:36:Infinity:36:61:36:Infinity:36:61:36:Infinity":13,"s:13:4:37:Infinity":22,"s:37:10:37:Infinity":23,"s:37:10:13:20":24,"s:3:0:32:Infinity":25},"fnNames":{}}}
,"C:\\Users\\jerin\\OneDrive\\Desktop\\Event_Mangement\\client\\src\\components\\select\\Select.module.css": {"path":"C:\\Users\\jerin\\OneDrive\\Desktop\\Event_Mangement\\client\\src\\components\\select\\Select.module.css","statementMap":{},"fnMap":{},"branchMap":{},"s":{},"f":{},"b":{},"meta":{"lastBranch":0,"lastFunction":0,"lastStatement":0,"seen":{},"fnNames":{}}}
}
